Determining if the pthread_create exist failed with the following output:
Change Dir: /home/lokesh/Desktop/Assignment Computer Graphics/Project/CG_Project/build/CMakeFiles/CMakeTmp

Run Build Command:"/usr/bin/make" "cmTC_6094c/fast"
/usr/bin/make -f CMakeFiles/cmTC_6094c.dir/build.make CMakeFiles/cmTC_6094c.dir/build
make[1]: Entering directory '/home/lokesh/Desktop/Assignment Computer Graphics/Project/CG_Project/build/CMakeFiles/CMakeTmp'
Building C object CMakeFiles/cmTC_6094c.dir/CheckSymbolExists.c.o
/usr/bin/cc    -o CMakeFiles/cmTC_6094c.dir/CheckSymbolExists.c.o   -c "/home/lokesh/Desktop/Assignment Computer Graphics/Project/CG_Project/build/CMakeFiles/CMakeTmp/CheckSymbolExists.c"
Linking C executable cmTC_6094c
/usr/bin/cmake -E cmake_link_script CMakeFiles/cmTC_6094c.dir/link.txt --verbose=1
/usr/bin/cc      -rdynamic CMakeFiles/cmTC_6094c.dir/CheckSymbolExists.c.o  -o cmTC_6094c 
CMakeFiles/cmTC_6094c.dir/CheckSymbolExists.c.o: In function `main':
CheckSymbolExists.c:(.text+0x1b): undefined reference to `pthread_create'
collect2: error: ld returned 1 exit status
CMakeFiles/cmTC_6094c.dir/build.make:97: recipe for target 'cmTC_6094c' failed
make[1]: *** [cmTC_6094c] Error 1
make[1]: Leaving directory '/home/lokesh/Desktop/Assignment Computer Graphics/Project/CG_Project/build/CMakeFiles/CMakeTmp'
Makefile:126: recipe for target 'cmTC_6094c/fast' failed
make: *** [cmTC_6094c/fast] Error 2

File /home/lokesh/Desktop/Assignment Computer Graphics/Project/CG_Project/build/CMakeFiles/CMakeTmp/CheckSymbolExists.c:
/* */
#include <pthread.h>

int main(int argc, char** argv)
{
  (void)argv;
#ifndef pthread_create
  return ((int*)(&pthread_create))[argc];
#else
  (void)argc;
  return 0;
#endif
}

Determining if the function pthread_create exists in the pthreads failed with the following output:
Change Dir: /home/lokesh/Desktop/Assignment Computer Graphics/Project/CG_Project/build/CMakeFiles/CMakeTmp

Run Build Command:"/usr/bin/make" "cmTC_46516/fast"
/usr/bin/make -f CMakeFiles/cmTC_46516.dir/build.make CMakeFiles/cmTC_46516.dir/build
make[1]: Entering directory '/home/lokesh/Desktop/Assignment Computer Graphics/Project/CG_Project/build/CMakeFiles/CMakeTmp'
Building C object CMakeFiles/cmTC_46516.dir/CheckFunctionExists.c.o
/usr/bin/cc   -DCHECK_FUNCTION_EXISTS=pthread_create   -o CMakeFiles/cmTC_46516.dir/CheckFunctionExists.c.o   -c /usr/share/cmake-3.10/Modules/CheckFunctionExists.c
Linking C executable cmTC_46516
/usr/bin/cmake -E cmake_link_script CMakeFiles/cmTC_46516.dir/link.txt --verbose=1
/usr/bin/cc  -DCHECK_FUNCTION_EXISTS=pthread_create    -rdynamic CMakeFiles/cmTC_46516.dir/CheckFunctionExists.c.o  -o cmTC_46516 -lpthreads 
/usr/bin/ld: cannot find -lpthreads
collect2: error: ld returned 1 exit status
CMakeFiles/cmTC_46516.dir/build.make:97: recipe for target 'cmTC_46516' failed
make[1]: *** [cmTC_46516] Error 1
make[1]: Leaving directory '/home/lokesh/Desktop/Assignment Computer Graphics/Project/CG_Project/build/CMakeFiles/CMakeTmp'
Makefile:126: recipe for target 'cmTC_46516/fast' failed
make: *** [cmTC_46516/fast] Error 2


Determining if the function glXGetProcAddressEXT exists failed with the following output:
Change Dir: /home/lokesh/Desktop/Assignment Computer Graphics/Project/CG_Project/build/CMakeFiles/CMakeTmp

Run Build Command:"/usr/bin/make" "cmTC_aba0b/fast"
/usr/bin/make -f CMakeFiles/cmTC_aba0b.dir/build.make CMakeFiles/cmTC_aba0b.dir/build
make[1]: Entering directory '/home/lokesh/Desktop/Assignment Computer Graphics/Project/CG_Project/build/CMakeFiles/CMakeTmp'
Building C object CMakeFiles/cmTC_aba0b.dir/CheckFunctionExists.c.o
/usr/bin/cc   -DCHECK_FUNCTION_EXISTS=glXGetProcAddressEXT   -o CMakeFiles/cmTC_aba0b.dir/CheckFunctionExists.c.o   -c /usr/share/cmake-3.10/Modules/CheckFunctionExists.c
Linking C executable cmTC_aba0b
/usr/bin/cmake -E cmake_link_script CMakeFiles/cmTC_aba0b.dir/link.txt --verbose=1
/usr/bin/cc  -DCHECK_FUNCTION_EXISTS=glXGetProcAddressEXT    -rdynamic CMakeFiles/cmTC_aba0b.dir/CheckFunctionExists.c.o  -o cmTC_aba0b /usr/lib/x86_64-linux-gnu/libGL.so 
CMakeFiles/cmTC_aba0b.dir/CheckFunctionExists.c.o: In function `main':
CheckFunctionExists.c:(.text+0x10): undefined reference to `glXGetProcAddressEXT'
collect2: error: ld returned 1 exit status
CMakeFiles/cmTC_aba0b.dir/build.make:98: recipe for target 'cmTC_aba0b' failed
make[1]: *** [cmTC_aba0b] Error 1
make[1]: Leaving directory '/home/lokesh/Desktop/Assignment Computer Graphics/Project/CG_Project/build/CMakeFiles/CMakeTmp'
Makefile:126: recipe for target 'cmTC_aba0b/fast' failed
make: *** [cmTC_aba0b/fast] Error 2


